[INFO] Scanning for projects...
[INFO] 
[INFO] ------------------------< com.alibou:discovery >------------------------
[INFO] Building discovery 0.0.1-SNAPSHOT
[INFO]   from pom.xml
[INFO] --------------------------------[ jar ]---------------------------------
[INFO] 
[INFO] --- clean:3.3.2:clean (default-clean) @ discovery ---
[INFO] Deleting C:\Users\NguyenTheAnh\Downloads\GIT\foody-go\services\discovery\target
[INFO] 
[INFO] --- resources:3.3.1:resources (default-resources) @ discovery ---
[INFO] Copying 1 resource from src\main\resources to target\classes
[INFO] Copying 0 resource from src\main\resources to target\classes
[INFO] 
[INFO] --- compiler:3.11.0:compile (default-compile) @ discovery ---
[INFO] Changes detected - recompiling the module! :source
[INFO] Compiling 1 source file with javac [debug release 17] to target\classes
[INFO] 
[INFO] --- resources:3.3.1:testResources (default-testResources) @ discovery ---
[INFO] Not copying test resources
[INFO] 
[INFO] --- compiler:3.11.0:testCompile (default-testCompile) @ discovery ---
[INFO] Not compiling test sources
[INFO] 
[INFO] --- surefire:3.1.2:test (default-test) @ discovery ---
[INFO] Tests are skipped.
[INFO] 
[INFO] --- jar:3.3.0:jar (default-jar) @ discovery ---
[INFO] Building jar: C:\Users\NguyenTheAnh\Downloads\GIT\foody-go\services\discovery\target\discovery-0.0.1-SNAPSHOT.jar
[INFO] 
[INFO] --- spring-boot:3.2.5:repackage (repackage) @ discovery ---
[INFO] Replacing main artifact C:\Users\NguyenTheAnh\Downloads\GIT\foody-go\services\discovery\target\discovery-0.0.1-SNAPSHOT.jar with repackaged archive, adding nested dependencies in BOOT-INF/.
[INFO] The original artifact has been renamed to C:\Users\NguyenTheAnh\Downloads\GIT\foody-go\services\discovery\target\discovery-0.0.1-SNAPSHOT.jar.original
[INFO] ------------------------------------------------------------------------
[INFO] BUILD SUCCESS
[INFO] ------------------------------------------------------------------------
[INFO] Total time:  3.245 s
[INFO] Finished at: 2024-11-19T17:20:08+07:00
[INFO] ------------------------------------------------------------------------
