[INFO] Scanning for projects...
[INFO] 
[INFO] -------------------< com.foodygo:restaurant-service >-------------------
[INFO] Building restaurant-service 0.0.1-SNAPSHOT
[INFO]   from pom.xml
[INFO] --------------------------------[ jar ]---------------------------------
[INFO] 
[INFO] --- clean:3.3.2:clean (default-clean) @ restaurant-service ---
[INFO] Deleting C:\Users\NguyenTheAnh\Downloads\GIT\foody-go\services\restaurant-service\target
[INFO] 
[INFO] --- resources:3.3.1:resources (default-resources) @ restaurant-service ---
[INFO] Copying 1 resource from src\main\resources to target\classes
[INFO] Copying 0 resource from src\main\resources to target\classes
[INFO] 
[INFO] --- compiler:3.13.0:compile (default-compile) @ restaurant-service ---
[INFO] Recompiling the module because of changed source code.
[INFO] Compiling 15 source files with javac [debug parameters release 21] to target\classes
[INFO] Annotation processing is enabled because one or more processors were found
  on the class path. A future release of javac may disable annotation processing
  unless at least one processor is specified by name (-processor), or a search
  path is specified (--processor-path, --processor-module-path), or annotation
  processing is enabled explicitly (-proc:only, -proc:full).
  Use -Xlint:-options to suppress this message.
  Use -proc:none to disable annotation processing.
[INFO] -------------------------------------------------------------
[WARNING] COMPILATION WARNING : 
[INFO] -------------------------------------------------------------
[WARNING] /C:/Users/NguyenTheAnh/Downloads/GIT/foody-go/services/restaurant-service/src/main/java/com/foodygo/restaurant/entity/Brand.java:[26,13] @Builder will ignore the initializing expression entirely. If you want the initializing expression to serve as default, add @Builder.Default. If it is not supposed to be settable during building, make the field final.
[WARNING] /C:/Users/NguyenTheAnh/Downloads/GIT/foody-go/services/restaurant-service/src/main/java/com/foodygo/restaurant/entity/Branch.java:[28,13] @Builder will ignore the initializing expression entirely. If you want the initializing expression to serve as default, add @Builder.Default. If it is not supposed to be settable during building, make the field final.
[WARNING] /C:/Users/NguyenTheAnh/Downloads/GIT/foody-go/services/restaurant-service/src/main/java/com/foodygo/restaurant/entity/Branch.java:[31,13] @Builder will ignore the initializing expression entirely. If you want the initializing expression to serve as default, add @Builder.Default. If it is not supposed to be settable during building, make the field final.
[WARNING] /C:/Users/NguyenTheAnh/Downloads/GIT/foody-go/services/restaurant-service/src/main/java/com/foodygo/restaurant/entity/BranchOpenings.java:[27,13] @Builder will ignore the initializing expression entirely. If you want the initializing expression to serve as default, add @Builder.Default. If it is not supposed to be settable during building, make the field final.
[WARNING] /C:/Users/NguyenTheAnh/Downloads/GIT/foody-go/services/restaurant-service/src/main/java/com/foodygo/restaurant/dto/response/ApiResponse.java:[17,13] @Builder will ignore the initializing expression entirely. If you want the initializing expression to serve as default, add @Builder.Default. If it is not supposed to be settable during building, make the field final.
[INFO] 5 warnings 
[INFO] -------------------------------------------------------------
[INFO] -------------------------------------------------------------
[ERROR] COMPILATION ERROR : 
[INFO] -------------------------------------------------------------
[ERROR] constructor CreateBrandRequest() is already defined in class com.foodygo.restaurant.dto.request.CreateBrandRequest
[ERROR] /C:/Users/NguyenTheAnh/Downloads/GIT/foody-go/services/restaurant-service/src/main/java/com/foodygo/restaurant/dto/request/CreateBrandRequest.java:[9,1] constructor CreateBrandRequest() is already defined in class com.foodygo.restaurant.dto.request.CreateBrandRequest
[INFO] 2 errors 
[INFO] -------------------------------------------------------------
[INFO] ------------------------------------------------------------------------
[INFO] BUILD FAILURE
[INFO] ------------------------------------------------------------------------
[INFO] Total time:  3.447 s
[INFO] Finished at: 2024-11-19T17:20:46+07:00
[INFO] ------------------------------------------------------------------------
[ERROR] Failed to execute goal org.apache.maven.plugins:maven-compiler-plugin:3.13.0:compile (default-compile) on project restaurant-service: Compilation failure: Compilation failure: 
[ERROR] constructor CreateBrandRequest() is already defined in class com.foodygo.restaurant.dto.request.CreateBrandRequest
[ERROR] /C:/Users/NguyenTheAnh/Downloads/GIT/foody-go/services/restaurant-service/src/main/java/com/foodygo/restaurant/dto/request/CreateBrandRequest.java:[9,1] constructor CreateBrandRequest() is already defined in class com.foodygo.restaurant.dto.request.CreateBrandRequest
[ERROR] -> [Help 1]
[ERROR] 
[ERROR] To see the full stack trace of the errors, re-run Maven with the -e switch.
[ERROR] Re-run Maven using the -X switch to enable full debug logging.
[ERROR] 
[ERROR] For more information about the errors and possible solutions, please read the following articles:
[ERROR] [Help 1] http://cwiki.apache.org/confluence/display/MAVEN/MojoFailureException
